<?xml version="1.0" encoding="UTF-8"?>
<testng-results ignored="0" total="1" passed="1" failed="0" skipped="0">
  <reporter-output>
  </reporter-output>
  <suite started-at="2023-07-15T04:12:04Z" name="Default suite" finished-at="2023-07-15T04:12:04Z" duration-ms="35">
    <groups>
    </groups>
    <test started-at="2023-07-15T04:12:04Z" name="Default test" finished-at="2023-07-15T04:12:04Z" duration-ms="35">
      <class name="SpringBoot.GetAccessToken">
        <test-method signature="test1()[pri:0, instance:SpringBoot.GetAccessToken@25f4878b]" started-at="2023-07-15T04:12:04Z" name="test1" finished-at="2023-07-15T04:12:04Z" duration-ms="11" status="PASS">
          <reporter-output>
          </reporter-output>
        </test-method> <!-- test1 -->
      </class> <!-- SpringBoot.GetAccessToken -->
    </test> <!-- Default test -->
  </suite> <!-- Default suite -->
</testng-results>
